<?xml version="1.0" encoding="UTF-8"?>
<!-- Generated by org.testng.reporters.JUnitReportReporter -->
<testsuite hostname="DESKTOP-FFT4RSH" failures="0" tests="1" name="com.testexecution.SmokeTestWithTestNG" time="2.276" errors="0" timestamp="2020-11-20T10:33:08 EST" skipped="0">
  <testcase classname="com.testexecution.SmokeTestWithTestNG" name="getSalary" time="2.276"/>
  <system-out/>
</testsuite> <!-- com.testexecution.SmokeTestWithTestNG -->
